<?xml version="1.0" encoding="UTF-8"?>
<!-- Generated by org.testng.reporters.JUnitXMLReporter -->
<testsuite ignored="0" hostname="DESKTOP-I7N3PLM" failures="1" tests="3" name="Test" time="10.737" errors="0" timestamp="2022-01-28T23:24:29 IST">
  <testcase classname="common.RediffMail.PageFactory.Sample_Test_Class" name="searchBarTest" time="0.177"/>
  <testcase classname="common.RediffMail.PageFactory.Sample_Test_Class" name="searchButtonTest" time="0.077"/>
  <testcase classname="common.RediffMail.PageFactory.Sample_Test_Class" name="iamFeelingLuckyButtonTest" time="0.053">
    <failure type="java.lang.AssertionError" message="expected [false] but found [true]">
      <![CDATA[java.lang.AssertionError: expected [false] but found [true]
at common.RediffMail.PageFactory.Sample_Test_Class.iamFeelingLuckyButtonTest(Sample_Test_Class.java:40)
at java.base/java.util.ArrayList.forEach(ArrayList.java:1511)
... Removed 31 stack frames]]>
    </failure>
  </testcase> <!-- iamFeelingLuckyButtonTest -->
</testsuite> <!-- Test -->
