<!DOCTYPE html PUBLIC "-//W3C//DTD XHTML 1.1//EN" "https://www.w3.org/TR/xhtml11/DTD/xhtml11.dtd">
<html xmlns="https://www.w3.org/1999/xhtml">
<head>
<meta http-equiv="content-type" content="text/html; charset=UTF-8"/>
<title>TestNG Report</title>
<style type="text/css">table {margin-bottom:10px;border-collapse:collapse;empty-cells:show}th,td {border:1px solid #009;padding:.25em .5em}th {vertical-align:bottom}td {vertical-align:top}table a {font-weight:bold}.stripe td {background-color: #E6EBF9}.num {text-align:right}.passedodd td {background-color: #3F3}.passedeven td {background-color: #0A0}.skippedodd td {background-color: #DDD}.skippedeven td {background-color: #CCC}.failedodd td,.attn {background-color: #F33}.failedeven td,.stripe .attn {background-color: #D00}.stacktrace {white-space:pre;font-family:monospace}.totop {font-size:85%;text-align:center;border-bottom:2px solid #000}.invisible {display:none}</style>
</head>
<body>
<table>
<tr><th>Test</th><th># Passed</th><th># Skipped</th><th># Retried</th><th># Failed</th><th>Time (ms)</th><th>Included Groups</th><th>Excluded Groups</th></tr>
<tr><th colspan="8">Basic Sanity</th></tr>
<tr><td><a href="#t0">Validate elements of Rediffmail login page in Chrome Browser</a></td><td class="num">5</td><td class="num">0</td><td class="num">0</td><td class="num attn">1</td><td class="num">19,479</td><td></td><td></td></tr>
<tr class="stripe"><td><a href="#t1">Validate elements of Rediffmail login page in Edge Browser</a></td><td class="num">5</td><td class="num">0</td><td class="num">0</td><td class="num attn">1</td><td class="num">14,384</td><td></td><td></td></tr>
<tr><th>Total</th><th class="num">10</th><th class="num">0</th><th class="num">0</th><th class="num attn">2</th><th class="num">33,863</th><th colspan="2"></th></tr>
</table>
<table id='summary'><thead><tr><th>Class</th><th>Method</th><th>Start</th><th>Time (ms)</th></tr></thead><tbody><tr><th colspan="4">Basic Sanity</th></tr></tbody><tbody id="t0"><tr><th colspan="4">Validate elements of Rediffmail login page in Chrome Browser &#8212; failed</th></tr><tr class="failedeven"><td rowspan="1">common.RediffMail.Test.VerifyObjectsOfLoginPage</td><td><a href="#m0">verifyPresenceOfUserNameTextBox</a></td><td rowspan="1">1643560893464</td><td rowspan="1">1164</td></tr><tr><th colspan="4">Validate elements of Rediffmail login page in Chrome Browser &#8212; passed</th></tr><tr class="passedeven"><td rowspan="5">common.RediffMail.Test.VerifyObjectsOfLoginPage</td><td><a href="#m1">verifyPresenceOfCreateNewAccountLink</a></td><td rowspan="1">1643560889992</td><td rowspan="1">1168</td></tr><tr class="passedeven"><td><a href="#m2">verifyPresenceOfForgotPasswordButton</a></td><td rowspan="1">1643560891485</td><td rowspan="1">843</td></tr><tr class="passedeven"><td><a href="#m3">verifyPresenceOfKeepMeSignedInCheckBox</a></td><td rowspan="1">1643560895186</td><td rowspan="1">520</td></tr><tr class="passedeven"><td><a href="#m4">verifyPresenceOfSignInButton</a></td><td rowspan="1">1643560892382</td><td rowspan="1">1023</td></tr><tr class="passedeven"><td><a href="#m5">verifyPresenceOfUserPasswordTextBox</a></td><td rowspan="1">1643560894649</td><td rowspan="1">463</td></tr></tbody>
<tbody id="t1"><tr><th colspan="4">Validate elements of Rediffmail login page in Edge Browser &#8212; failed</th></tr><tr class="failedeven"><td rowspan="1">common.RediffMail.Test.VerifyObjectsOfLoginPage</td><td><a href="#m6">verifyPresenceOfUserNameTextBox</a></td><td rowspan="1">1643560908860</td><td rowspan="1">534</td></tr><tr><th colspan="4">Validate elements of Rediffmail login page in Edge Browser &#8212; passed</th></tr><tr class="passedeven"><td rowspan="5">common.RediffMail.Test.VerifyObjectsOfLoginPage</td><td><a href="#m7">verifyPresenceOfCreateNewAccountLink</a></td><td rowspan="1">1643560904536</td><td rowspan="1">582</td></tr><tr class="passedeven"><td><a href="#m8">verifyPresenceOfForgotPasswordButton</a></td><td rowspan="1">1643560905148</td><td rowspan="1">1361</td></tr><tr class="passedeven"><td><a href="#m9">verifyPresenceOfKeepMeSignedInCheckBox</a></td><td rowspan="1">1643560909871</td><td rowspan="1">357</td></tr><tr class="passedeven"><td><a href="#m10">verifyPresenceOfSignInButton</a></td><td rowspan="1">1643560906576</td><td rowspan="1">2023</td></tr><tr class="passedeven"><td><a href="#m11">verifyPresenceOfUserPasswordTextBox</a></td><td rowspan="1">1643560909426</td><td rowspan="1">387</td></tr></tbody>
</table>
<h2>Validate elements of Rediffmail login page in Chrome Browser</h2><h3 id="m0">common.RediffMail.Test.VerifyObjectsOfLoginPage#verifyPresenceOfUserNameTextBox</h3><table class="result"><tr><th>Exception</th></tr><tr><td><div class="stacktrace">org.openqa.selenium.InvalidSelectorException: invalid selector: Unable to locate an element with the xpath expression //input[contains(@id,&apos;login&apos;)]asdasd because of the following error:
SyntaxError: Failed to execute &apos;evaluate&apos; on &apos;Document&apos;: The string &apos;//input[contains(@id,&apos;login&apos;)]asdasd&apos; is not a valid XPath expression.
  (Session info: MicrosoftEdge=97.0.1072.76)
For documentation on this error, please visit: https://selenium.dev/exceptions/#invalid_selector_exception
Build info: version: &apos;4.1.1&apos;, revision: &apos;e8fcc2cecf&apos;
System info: host: &apos;DESKTOP-I7N3PLM&apos;, ip: &apos;192.168.1.17&apos;, os.name: &apos;Windows 10&apos;, os.arch: &apos;amd64&apos;, os.version: &apos;10.0&apos;, java.version: &apos;17.0.1&apos;
Driver info: org.openqa.selenium.edge.EdgeDriver
Command: [c7d01d009522a14309c3a054492e526e, findElement {using=xpath, value=//input[contains(@id,&apos;login&apos;)]asdasd}]
Capabilities {acceptInsecureCerts: false, browserName: msedge, browserVersion: 97.0.1072.76, javascriptEnabled: true, ms:edgeOptions: {debuggerAddress: localhost:63462}, msedge: {msedgedriverVersion: 97.0.1072.76 (67eb904139a24..., userDataDir: C:\Users\Vaaman\AppData\Loc...}, networkConnectionEnabled: false, pageLoadStrategy: normal, platform: WINDOWS, platformName: WINDOWS, proxy: Proxy(), se:cdp: ws://localhost:63462/devtoo..., se:cdpVersion: 97.0.1072.76, setWindowRect: true, strictFileInteractability: false, timeouts: {implicit: 0, pageLoad: 300000, script: 30000}, unhandledPromptBehavior: dismiss and notify, webauthn:extension:credBlob: true, webauthn:extension:largeBlob: true, webauthn:virtualAuthenticators: true}
Session ID: c7d01d009522a14309c3a054492e526e
	at org.openqa.selenium.remote.codec.w3c.W3CHttpResponseCodec.createException(W3CHttpResponseCodec.java:200)
	at org.openqa.selenium.remote.codec.w3c.W3CHttpResponseCodec.decode(W3CHttpResponseCodec.java:133)
	at org.openqa.selenium.remote.codec.w3c.W3CHttpResponseCodec.decode(W3CHttpResponseCodec.java:53)
	at org.openqa.selenium.remote.HttpCommandExecutor.execute(HttpCommandExecutor.java:184)
	at org.openqa.selenium.remote.service.DriverCommandExecutor.invokeExecute(DriverCommandExecutor.java:167)
	at org.openqa.selenium.remote.service.DriverCommandExecutor.execute(DriverCommandExecutor.java:142)
	at org.openqa.selenium.remote.RemoteWebDriver.execute(RemoteWebDriver.java:543)
	at org.openqa.selenium.remote.ElementLocation$ElementFinder$2.findElement(ElementLocation.java:162)
	at org.openqa.selenium.remote.ElementLocation.findElement(ElementLocation.java:60)
	at org.openqa.selenium.remote.RemoteWebDriver.findElement(RemoteWebDriver.java:367)
	at org.openqa.selenium.remote.RemoteWebDriver.findElement(RemoteWebDriver.java:359)
	at common.RediffMail.Test.VerifyObjectsOfLoginPage.verifyPresenceOfUserNameTextBox(VerifyObjectsOfLoginPage.java:128)
	at java.base/java.util.ArrayList.forEach(ArrayList.java:1511)
... Removed 32 stack frames</div></td></tr></table><p class="totop"><a href="#summary">back to summary</a></p>
<h3 id="m1">common.RediffMail.Test.VerifyObjectsOfLoginPage#verifyPresenceOfCreateNewAccountLink</h3><table class="result"><tr><th class="invisible"/></tr></table><p class="totop"><a href="#summary">back to summary</a></p>
<h3 id="m2">common.RediffMail.Test.VerifyObjectsOfLoginPage#verifyPresenceOfForgotPasswordButton</h3><table class="result"><tr><th class="invisible"/></tr></table><p class="totop"><a href="#summary">back to summary</a></p>
<h3 id="m3">common.RediffMail.Test.VerifyObjectsOfLoginPage#verifyPresenceOfKeepMeSignedInCheckBox</h3><table class="result"><tr><th class="invisible"/></tr></table><p class="totop"><a href="#summary">back to summary</a></p>
<h3 id="m4">common.RediffMail.Test.VerifyObjectsOfLoginPage#verifyPresenceOfSignInButton</h3><table class="result"><tr><th class="invisible"/></tr></table><p class="totop"><a href="#summary">back to summary</a></p>
<h3 id="m5">common.RediffMail.Test.VerifyObjectsOfLoginPage#verifyPresenceOfUserPasswordTextBox</h3><table class="result"><tr><th class="invisible"/></tr></table><p class="totop"><a href="#summary">back to summary</a></p>
<h2>Validate elements of Rediffmail login page in Edge Browser</h2><h3 id="m6">common.RediffMail.Test.VerifyObjectsOfLoginPage#verifyPresenceOfUserNameTextBox</h3><table class="result"><tr><th>Exception</th></tr><tr><td><div class="stacktrace">org.openqa.selenium.InvalidSelectorException: invalid selector: Unable to locate an element with the xpath expression //input[contains(@id,&apos;login&apos;)]asdasd because of the following error:
SyntaxError: Failed to execute &apos;evaluate&apos; on &apos;Document&apos;: The string &apos;//input[contains(@id,&apos;login&apos;)]asdasd&apos; is not a valid XPath expression.
  (Session info: MicrosoftEdge=97.0.1072.76)
For documentation on this error, please visit: https://selenium.dev/exceptions/#invalid_selector_exception
Build info: version: &apos;4.1.1&apos;, revision: &apos;e8fcc2cecf&apos;
System info: host: &apos;DESKTOP-I7N3PLM&apos;, ip: &apos;192.168.1.17&apos;, os.name: &apos;Windows 10&apos;, os.arch: &apos;amd64&apos;, os.version: &apos;10.0&apos;, java.version: &apos;17.0.1&apos;
Driver info: org.openqa.selenium.edge.EdgeDriver
Command: [c7f235041d8f0521613882727a26dbcf, findElement {using=xpath, value=//input[contains(@id,&apos;login&apos;)]asdasd}]
Capabilities {acceptInsecureCerts: false, browserName: msedge, browserVersion: 97.0.1072.76, javascriptEnabled: true, ms:edgeOptions: {debuggerAddress: localhost:63562}, msedge: {msedgedriverVersion: 97.0.1072.76 (67eb904139a24..., userDataDir: C:\Users\Vaaman\AppData\Loc...}, networkConnectionEnabled: false, pageLoadStrategy: normal, platform: WINDOWS, platformName: WINDOWS, proxy: Proxy(), se:cdp: ws://localhost:63562/devtoo..., se:cdpVersion: 97.0.1072.76, setWindowRect: true, strictFileInteractability: false, timeouts: {implicit: 0, pageLoad: 300000, script: 30000}, unhandledPromptBehavior: dismiss and notify, webauthn:extension:credBlob: true, webauthn:extension:largeBlob: true, webauthn:virtualAuthenticators: true}
Session ID: c7f235041d8f0521613882727a26dbcf
	at org.openqa.selenium.remote.codec.w3c.W3CHttpResponseCodec.createException(W3CHttpResponseCodec.java:200)
	at org.openqa.selenium.remote.codec.w3c.W3CHttpResponseCodec.decode(W3CHttpResponseCodec.java:133)
	at org.openqa.selenium.remote.codec.w3c.W3CHttpResponseCodec.decode(W3CHttpResponseCodec.java:53)
	at org.openqa.selenium.remote.HttpCommandExecutor.execute(HttpCommandExecutor.java:184)
	at org.openqa.selenium.remote.service.DriverCommandExecutor.invokeExecute(DriverCommandExecutor.java:167)
	at org.openqa.selenium.remote.service.DriverCommandExecutor.execute(DriverCommandExecutor.java:142)
	at org.openqa.selenium.remote.RemoteWebDriver.execute(RemoteWebDriver.java:543)
	at org.openqa.selenium.remote.ElementLocation$ElementFinder$2.findElement(ElementLocation.java:162)
	at org.openqa.selenium.remote.ElementLocation.findElement(ElementLocation.java:60)
	at org.openqa.selenium.remote.RemoteWebDriver.findElement(RemoteWebDriver.java:367)
	at org.openqa.selenium.remote.RemoteWebDriver.findElement(RemoteWebDriver.java:359)
	at common.RediffMail.Test.VerifyObjectsOfLoginPage.verifyPresenceOfUserNameTextBox(VerifyObjectsOfLoginPage.java:128)
	at java.base/java.util.ArrayList.forEach(ArrayList.java:1511)
... Removed 32 stack frames</div></td></tr></table><p class="totop"><a href="#summary">back to summary</a></p>
<h3 id="m7">common.RediffMail.Test.VerifyObjectsOfLoginPage#verifyPresenceOfCreateNewAccountLink</h3><table class="result"><tr><th class="invisible"/></tr></table><p class="totop"><a href="#summary">back to summary</a></p>
<h3 id="m8">common.RediffMail.Test.VerifyObjectsOfLoginPage#verifyPresenceOfForgotPasswordButton</h3><table class="result"><tr><th class="invisible"/></tr></table><p class="totop"><a href="#summary">back to summary</a></p>
<h3 id="m9">common.RediffMail.Test.VerifyObjectsOfLoginPage#verifyPresenceOfKeepMeSignedInCheckBox</h3><table class="result"><tr><th class="invisible"/></tr></table><p class="totop"><a href="#summary">back to summary</a></p>
<h3 id="m10">common.RediffMail.Test.VerifyObjectsOfLoginPage#verifyPresenceOfSignInButton</h3><table class="result"><tr><th class="invisible"/></tr></table><p class="totop"><a href="#summary">back to summary</a></p>
<h3 id="m11">common.RediffMail.Test.VerifyObjectsOfLoginPage#verifyPresenceOfUserPasswordTextBox</h3><table class="result"><tr><th class="invisible"/></tr></table><p class="totop"><a href="#summary">back to summary</a></p>
</body>
</html>
