<?xml version="1.0" encoding="UTF-8"?>
<testng-results ignored="0" total="12" passed="10" failed="2" skipped="0">
  <reporter-output>
  </reporter-output>
  <suite started-at="2022-01-30T22:11:16 IST" name="Basic Sanity" finished-at="2022-01-30T22:11:50 IST" duration-ms="33989">
    <groups>
    </groups>
    <test started-at="2022-01-30T22:11:16 IST" name="Validate elements of Rediffmail login page in Chrome Browser" finished-at="2022-01-30T22:11:36 IST" duration-ms="19479">
      <class name="common.RediffMail.Test.VerifyObjectsOfLoginPage">
        <test-method is-config="true" signature="initializeBrowser(java.lang.String)[pri:0, instance:common.RediffMail.Test.VerifyObjectsOfLoginPage@6ee6f53]" started-at="2022-01-30T22:11:16 IST" name="initializeBrowser" finished-at="2022-01-30T22:11:29 IST" duration-ms="13047" status="PASS">
          <params>
            <param index="0">
              <value>
                <![CDATA[edge]]>
              </value>
            </param>
          </params>
          <reporter-output>
          </reporter-output>
        </test-method> <!-- initializeBrowser -->
        <test-method signature="verifyPresenceOfCreateNewAccountLink()[pri:1, instance:common.RediffMail.Test.VerifyObjectsOfLoginPage@6ee6f53]" started-at="2022-01-30T22:11:29 IST" name="verifyPresenceOfCreateNewAccountLink" description="This is a basic test to verify the presence of basic elements in login page of Rediffmail : CreateNewAccountLink" finished-at="2022-01-30T22:11:31 IST" duration-ms="1168" status="PASS">
          <reporter-output>
          </reporter-output>
        </test-method> <!-- verifyPresenceOfCreateNewAccountLink -->
        <test-method signature="verifyPresenceOfForgotPasswordButton()[pri:1, instance:common.RediffMail.Test.VerifyObjectsOfLoginPage@6ee6f53]" started-at="2022-01-30T22:11:31 IST" name="verifyPresenceOfForgotPasswordButton" description="This is a basic test to verify the presence of basic elements in login page of Rediffmail : ForgotPasswordButton" finished-at="2022-01-30T22:11:32 IST" duration-ms="843" status="PASS">
          <reporter-output>
          </reporter-output>
        </test-method> <!-- verifyPresenceOfForgotPasswordButton -->
        <test-method signature="verifyPresenceOfSignInButton()[pri:1, instance:common.RediffMail.Test.VerifyObjectsOfLoginPage@6ee6f53]" started-at="2022-01-30T22:11:32 IST" name="verifyPresenceOfSignInButton" description="This is a basic test to verify the presence of basic elements in login page of Rediffmail : SignInButton" finished-at="2022-01-30T22:11:33 IST" duration-ms="1023" status="PASS">
          <reporter-output>
          </reporter-output>
        </test-method> <!-- verifyPresenceOfSignInButton -->
        <test-method signature="verifyPresenceOfUserNameTextBox()[pri:1, instance:common.RediffMail.Test.VerifyObjectsOfLoginPage@6ee6f53]" started-at="2022-01-30T22:11:33 IST" name="verifyPresenceOfUserNameTextBox" description="This is a basic test to verify the presence of basic elements in login page of Rediffmail : UserNameTextBox" finished-at="2022-01-30T22:11:34 IST" duration-ms="1164" status="FAIL">
          <exception class="org.openqa.selenium.InvalidSelectorException">
            <message>
              <![CDATA[invalid selector: Unable to locate an element with the xpath expression //input[contains(@id,'login')]asdasd because of the following error:
SyntaxError: Failed to execute 'evaluate' on 'Document': The string '//input[contains(@id,'login')]asdasd' is not a valid XPath expression.
  (Session info: MicrosoftEdge=97.0.1072.76)
For documentation on this error, please visit: https://selenium.dev/exceptions/#invalid_selector_exception
Build info: version: '4.1.1', revision: 'e8fcc2cecf'
System info: host: 'DESKTOP-I7N3PLM', ip: '192.168.1.17', os.name: 'Windows 10', os.arch: 'amd64', os.version: '10.0', java.version: '17.0.1'
Driver info: org.openqa.selenium.edge.EdgeDriver
Command: [c7d01d009522a14309c3a054492e526e, findElement {using=xpath, value=//input[contains(@id,'login')]asdasd}]
Capabilities {acceptInsecureCerts: false, browserName: msedge, browserVersion: 97.0.1072.76, javascriptEnabled: true, ms:edgeOptions: {debuggerAddress: localhost:63462}, msedge: {msedgedriverVersion: 97.0.1072.76 (67eb904139a24..., userDataDir: C:\Users\Vaaman\AppData\Loc...}, networkConnectionEnabled: false, pageLoadStrategy: normal, platform: WINDOWS, platformName: WINDOWS, proxy: Proxy(), se:cdp: ws://localhost:63462/devtoo..., se:cdpVersion: 97.0.1072.76, setWindowRect: true, strictFileInteractability: false, timeouts: {implicit: 0, pageLoad: 300000, script: 30000}, unhandledPromptBehavior: dismiss and notify, webauthn:extension:credBlob: true, webauthn:extension:largeBlob: true, webauthn:virtualAuthenticators: true}
Session ID: c7d01d009522a14309c3a054492e526e]]>
            </message>
            <full-stacktrace>
              <![CDATA[org.openqa.selenium.InvalidSelectorException: invalid selector: Unable to locate an element with the xpath expression //input[contains(@id,'login')]asdasd because of the following error:
SyntaxError: Failed to execute 'evaluate' on 'Document': The string '//input[contains(@id,'login')]asdasd' is not a valid XPath expression.
  (Session info: MicrosoftEdge=97.0.1072.76)
For documentation on this error, please visit: https://selenium.dev/exceptions/#invalid_selector_exception
Build info: version: '4.1.1', revision: 'e8fcc2cecf'
System info: host: 'DESKTOP-I7N3PLM', ip: '192.168.1.17', os.name: 'Windows 10', os.arch: 'amd64', os.version: '10.0', java.version: '17.0.1'
Driver info: org.openqa.selenium.edge.EdgeDriver
Command: [c7d01d009522a14309c3a054492e526e, findElement {using=xpath, value=//input[contains(@id,'login')]asdasd}]
Capabilities {acceptInsecureCerts: false, browserName: msedge, browserVersion: 97.0.1072.76, javascriptEnabled: true, ms:edgeOptions: {debuggerAddress: localhost:63462}, msedge: {msedgedriverVersion: 97.0.1072.76 (67eb904139a24..., userDataDir: C:\Users\Vaaman\AppData\Loc...}, networkConnectionEnabled: false, pageLoadStrategy: normal, platform: WINDOWS, platformName: WINDOWS, proxy: Proxy(), se:cdp: ws://localhost:63462/devtoo..., se:cdpVersion: 97.0.1072.76, setWindowRect: true, strictFileInteractability: false, timeouts: {implicit: 0, pageLoad: 300000, script: 30000}, unhandledPromptBehavior: dismiss and notify, webauthn:extension:credBlob: true, webauthn:extension:largeBlob: true, webauthn:virtualAuthenticators: true}
Session ID: c7d01d009522a14309c3a054492e526e
at java.base/jdk.internal.reflect.NativeConstructorAccessorImpl.newInstance0(Native Method)
at java.base/jdk.internal.reflect.NativeConstructorAccessorImpl.newInstance(NativeConstructorAccessorImpl.java:77)
at java.base/jdk.internal.reflect.DelegatingConstructorAccessorImpl.newInstance(DelegatingConstructorAccessorImpl.java:45)
at java.base/java.lang.reflect.Constructor.newInstanceWithCaller(Constructor.java:499)
at java.base/java.lang.reflect.Constructor.newInstance(Constructor.java:480)
at org.openqa.selenium.remote.codec.w3c.W3CHttpResponseCodec.createException(W3CHttpResponseCodec.java:200)
at org.openqa.selenium.remote.codec.w3c.W3CHttpResponseCodec.decode(W3CHttpResponseCodec.java:133)
at org.openqa.selenium.remote.codec.w3c.W3CHttpResponseCodec.decode(W3CHttpResponseCodec.java:53)
at org.openqa.selenium.remote.HttpCommandExecutor.execute(HttpCommandExecutor.java:184)
at org.openqa.selenium.remote.service.DriverCommandExecutor.invokeExecute(DriverCommandExecutor.java:167)
at org.openqa.selenium.remote.service.DriverCommandExecutor.execute(DriverCommandExecutor.java:142)
at org.openqa.selenium.remote.RemoteWebDriver.execute(RemoteWebDriver.java:543)
at org.openqa.selenium.remote.ElementLocation$ElementFinder$2.findElement(ElementLocation.java:162)
at org.openqa.selenium.remote.ElementLocation.findElement(ElementLocation.java:60)
at org.openqa.selenium.remote.RemoteWebDriver.findElement(RemoteWebDriver.java:367)
at org.openqa.selenium.remote.RemoteWebDriver.findElement(RemoteWebDriver.java:359)
at common.RediffMail.Test.VerifyObjectsOfLoginPage.verifyPresenceOfUserNameTextBox(VerifyObjectsOfLoginPage.java:128)
at java.base/jdk.internal.reflect.NativeMethodAccessorImpl.invoke0(Native Method)
at java.base/jdk.internal.reflect.NativeMethodAccessorImpl.invoke(NativeMethodAccessorImpl.java:77)
at java.base/jdk.internal.reflect.DelegatingMethodAccessorImpl.invoke(DelegatingMethodAccessorImpl.java:43)
at java.base/java.lang.reflect.Method.invoke(Method.java:568)
at org.testng.internal.MethodInvocationHelper.invokeMethod(MethodInvocationHelper.java:133)
at org.testng.internal.TestInvoker.invokeMethod(TestInvoker.java:598)
at org.testng.internal.TestInvoker.invokeTestMethod(TestInvoker.java:173)
at org.testng.internal.MethodRunner.runInSequence(MethodRunner.java:46)
at org.testng.internal.TestInvoker$MethodInvocationAgent.invoke(TestInvoker.java:824)
at org.testng.internal.TestInvoker.invokeTestMethods(TestInvoker.java:146)
at org.testng.internal.TestMethodWorker.invokeTestMethods(TestMethodWorker.java:146)
at org.testng.internal.TestMethodWorker.run(TestMethodWorker.java:128)
at java.base/java.util.ArrayList.forEach(ArrayList.java:1511)
at org.testng.TestRunner.privateRun(TestRunner.java:794)
at org.testng.TestRunner.run(TestRunner.java:596)
at org.testng.SuiteRunner.runTest(SuiteRunner.java:377)
at org.testng.SuiteRunner.runSequentially(SuiteRunner.java:371)
at org.testng.SuiteRunner.privateRun(SuiteRunner.java:332)
at org.testng.SuiteRunner.run(SuiteRunner.java:276)
at org.testng.SuiteRunnerWorker.runSuite(SuiteRunnerWorker.java:53)
at org.testng.SuiteRunnerWorker.run(SuiteRunnerWorker.java:96)
at org.testng.TestNG.runSuitesSequentially(TestNG.java:1212)
at org.testng.TestNG.runSuitesLocally(TestNG.java:1134)
at org.testng.TestNG.runSuites(TestNG.java:1063)
at org.testng.TestNG.run(TestNG.java:1031)
at org.testng.remote.AbstractRemoteTestNG.run(AbstractRemoteTestNG.java:115)
at org.testng.remote.RemoteTestNG.initAndRun(RemoteTestNG.java:251)
at org.testng.remote.RemoteTestNG.main(RemoteTestNG.java:77)
]]>
            </full-stacktrace>
          </exception> <!-- org.openqa.selenium.InvalidSelectorException -->
          <reporter-output>
          </reporter-output>
        </test-method> <!-- verifyPresenceOfUserNameTextBox -->
        <test-method signature="verifyPresenceOfUserPasswordTextBox()[pri:1, instance:common.RediffMail.Test.VerifyObjectsOfLoginPage@6ee6f53]" started-at="2022-01-30T22:11:34 IST" name="verifyPresenceOfUserPasswordTextBox" description="This is a basic test to verify the presence of basic elements in login page of Rediffmail : UserPasswordTextBox" finished-at="2022-01-30T22:11:35 IST" duration-ms="463" status="PASS">
          <reporter-output>
          </reporter-output>
        </test-method> <!-- verifyPresenceOfUserPasswordTextBox -->
        <test-method signature="verifyPresenceOfKeepMeSignedInCheckBox()[pri:3, instance:common.RediffMail.Test.VerifyObjectsOfLoginPage@6ee6f53]" started-at="2022-01-30T22:11:35 IST" name="verifyPresenceOfKeepMeSignedInCheckBox" description="This is a basic test to verify the presence of basic elements in login page of Rediffmail : KeepMeSignedInCheckBox" finished-at="2022-01-30T22:11:35 IST" duration-ms="520" status="PASS">
          <reporter-output>
          </reporter-output>
        </test-method> <!-- verifyPresenceOfKeepMeSignedInCheckBox -->
        <test-method is-config="true" signature="quitBrowser()[pri:0, instance:common.RediffMail.Test.VerifyObjectsOfLoginPage@6ee6f53]" started-at="2022-01-30T22:11:35 IST" name="quitBrowser" finished-at="2022-01-30T22:11:36 IST" duration-ms="608" status="PASS">
          <reporter-output>
          </reporter-output>
        </test-method> <!-- quitBrowser -->
      </class> <!-- common.RediffMail.Test.VerifyObjectsOfLoginPage -->
    </test> <!-- Validate elements of Rediffmail login page in Chrome Browser -->
    <test started-at="2022-01-30T22:11:36 IST" name="Validate elements of Rediffmail login page in Edge Browser" finished-at="2022-01-30T22:11:50 IST" duration-ms="14384">
      <class name="common.RediffMail.Test.VerifyObjectsOfLoginPage">
        <test-method is-config="true" signature="initializeBrowser(java.lang.String)[pri:0, instance:common.RediffMail.Test.VerifyObjectsOfLoginPage@76884e4b]" started-at="2022-01-30T22:11:36 IST" name="initializeBrowser" finished-at="2022-01-30T22:11:44 IST" duration-ms="8084" status="PASS">
          <params>
            <param index="0">
              <value>
                <![CDATA[edge]]>
              </value>
            </param>
          </params>
          <reporter-output>
          </reporter-output>
        </test-method> <!-- initializeBrowser -->
        <test-method signature="verifyPresenceOfCreateNewAccountLink()[pri:1, instance:common.RediffMail.Test.VerifyObjectsOfLoginPage@76884e4b]" started-at="2022-01-30T22:11:44 IST" name="verifyPresenceOfCreateNewAccountLink" description="This is a basic test to verify the presence of basic elements in login page of Rediffmail : CreateNewAccountLink" finished-at="2022-01-30T22:11:45 IST" duration-ms="582" status="PASS">
          <reporter-output>
          </reporter-output>
        </test-method> <!-- verifyPresenceOfCreateNewAccountLink -->
        <test-method signature="verifyPresenceOfForgotPasswordButton()[pri:1, instance:common.RediffMail.Test.VerifyObjectsOfLoginPage@76884e4b]" started-at="2022-01-30T22:11:45 IST" name="verifyPresenceOfForgotPasswordButton" description="This is a basic test to verify the presence of basic elements in login page of Rediffmail : ForgotPasswordButton" finished-at="2022-01-30T22:11:46 IST" duration-ms="1361" status="PASS">
          <reporter-output>
          </reporter-output>
        </test-method> <!-- verifyPresenceOfForgotPasswordButton -->
        <test-method signature="verifyPresenceOfSignInButton()[pri:1, instance:common.RediffMail.Test.VerifyObjectsOfLoginPage@76884e4b]" started-at="2022-01-30T22:11:46 IST" name="verifyPresenceOfSignInButton" description="This is a basic test to verify the presence of basic elements in login page of Rediffmail : SignInButton" finished-at="2022-01-30T22:11:48 IST" duration-ms="2023" status="PASS">
          <reporter-output>
          </reporter-output>
        </test-method> <!-- verifyPresenceOfSignInButton -->
        <test-method signature="verifyPresenceOfUserNameTextBox()[pri:1, instance:common.RediffMail.Test.VerifyObjectsOfLoginPage@76884e4b]" started-at="2022-01-30T22:11:48 IST" name="verifyPresenceOfUserNameTextBox" description="This is a basic test to verify the presence of basic elements in login page of Rediffmail : UserNameTextBox" finished-at="2022-01-30T22:11:49 IST" duration-ms="534" status="FAIL">
          <exception class="org.openqa.selenium.InvalidSelectorException">
            <message>
              <![CDATA[invalid selector: Unable to locate an element with the xpath expression //input[contains(@id,'login')]asdasd because of the following error:
SyntaxError: Failed to execute 'evaluate' on 'Document': The string '//input[contains(@id,'login')]asdasd' is not a valid XPath expression.
  (Session info: MicrosoftEdge=97.0.1072.76)
For documentation on this error, please visit: https://selenium.dev/exceptions/#invalid_selector_exception
Build info: version: '4.1.1', revision: 'e8fcc2cecf'
System info: host: 'DESKTOP-I7N3PLM', ip: '192.168.1.17', os.name: 'Windows 10', os.arch: 'amd64', os.version: '10.0', java.version: '17.0.1'
Driver info: org.openqa.selenium.edge.EdgeDriver
Command: [c7f235041d8f0521613882727a26dbcf, findElement {using=xpath, value=//input[contains(@id,'login')]asdasd}]
Capabilities {acceptInsecureCerts: false, browserName: msedge, browserVersion: 97.0.1072.76, javascriptEnabled: true, ms:edgeOptions: {debuggerAddress: localhost:63562}, msedge: {msedgedriverVersion: 97.0.1072.76 (67eb904139a24..., userDataDir: C:\Users\Vaaman\AppData\Loc...}, networkConnectionEnabled: false, pageLoadStrategy: normal, platform: WINDOWS, platformName: WINDOWS, proxy: Proxy(), se:cdp: ws://localhost:63562/devtoo..., se:cdpVersion: 97.0.1072.76, setWindowRect: true, strictFileInteractability: false, timeouts: {implicit: 0, pageLoad: 300000, script: 30000}, unhandledPromptBehavior: dismiss and notify, webauthn:extension:credBlob: true, webauthn:extension:largeBlob: true, webauthn:virtualAuthenticators: true}
Session ID: c7f235041d8f0521613882727a26dbcf]]>
            </message>
            <full-stacktrace>
              <![CDATA[org.openqa.selenium.InvalidSelectorException: invalid selector: Unable to locate an element with the xpath expression //input[contains(@id,'login')]asdasd because of the following error:
SyntaxError: Failed to execute 'evaluate' on 'Document': The string '//input[contains(@id,'login')]asdasd' is not a valid XPath expression.
  (Session info: MicrosoftEdge=97.0.1072.76)
For documentation on this error, please visit: https://selenium.dev/exceptions/#invalid_selector_exception
Build info: version: '4.1.1', revision: 'e8fcc2cecf'
System info: host: 'DESKTOP-I7N3PLM', ip: '192.168.1.17', os.name: 'Windows 10', os.arch: 'amd64', os.version: '10.0', java.version: '17.0.1'
Driver info: org.openqa.selenium.edge.EdgeDriver
Command: [c7f235041d8f0521613882727a26dbcf, findElement {using=xpath, value=//input[contains(@id,'login')]asdasd}]
Capabilities {acceptInsecureCerts: false, browserName: msedge, browserVersion: 97.0.1072.76, javascriptEnabled: true, ms:edgeOptions: {debuggerAddress: localhost:63562}, msedge: {msedgedriverVersion: 97.0.1072.76 (67eb904139a24..., userDataDir: C:\Users\Vaaman\AppData\Loc...}, networkConnectionEnabled: false, pageLoadStrategy: normal, platform: WINDOWS, platformName: WINDOWS, proxy: Proxy(), se:cdp: ws://localhost:63562/devtoo..., se:cdpVersion: 97.0.1072.76, setWindowRect: true, strictFileInteractability: false, timeouts: {implicit: 0, pageLoad: 300000, script: 30000}, unhandledPromptBehavior: dismiss and notify, webauthn:extension:credBlob: true, webauthn:extension:largeBlob: true, webauthn:virtualAuthenticators: true}
Session ID: c7f235041d8f0521613882727a26dbcf
at java.base/jdk.internal.reflect.NativeConstructorAccessorImpl.newInstance0(Native Method)
at java.base/jdk.internal.reflect.NativeConstructorAccessorImpl.newInstance(NativeConstructorAccessorImpl.java:77)
at java.base/jdk.internal.reflect.DelegatingConstructorAccessorImpl.newInstance(DelegatingConstructorAccessorImpl.java:45)
at java.base/java.lang.reflect.Constructor.newInstanceWithCaller(Constructor.java:499)
at java.base/java.lang.reflect.Constructor.newInstance(Constructor.java:480)
at org.openqa.selenium.remote.codec.w3c.W3CHttpResponseCodec.createException(W3CHttpResponseCodec.java:200)
at org.openqa.selenium.remote.codec.w3c.W3CHttpResponseCodec.decode(W3CHttpResponseCodec.java:133)
at org.openqa.selenium.remote.codec.w3c.W3CHttpResponseCodec.decode(W3CHttpResponseCodec.java:53)
at org.openqa.selenium.remote.HttpCommandExecutor.execute(HttpCommandExecutor.java:184)
at org.openqa.selenium.remote.service.DriverCommandExecutor.invokeExecute(DriverCommandExecutor.java:167)
at org.openqa.selenium.remote.service.DriverCommandExecutor.execute(DriverCommandExecutor.java:142)
at org.openqa.selenium.remote.RemoteWebDriver.execute(RemoteWebDriver.java:543)
at org.openqa.selenium.remote.ElementLocation$ElementFinder$2.findElement(ElementLocation.java:162)
at org.openqa.selenium.remote.ElementLocation.findElement(ElementLocation.java:60)
at org.openqa.selenium.remote.RemoteWebDriver.findElement(RemoteWebDriver.java:367)
at org.openqa.selenium.remote.RemoteWebDriver.findElement(RemoteWebDriver.java:359)
at common.RediffMail.Test.VerifyObjectsOfLoginPage.verifyPresenceOfUserNameTextBox(VerifyObjectsOfLoginPage.java:128)
at java.base/jdk.internal.reflect.NativeMethodAccessorImpl.invoke0(Native Method)
at java.base/jdk.internal.reflect.NativeMethodAccessorImpl.invoke(NativeMethodAccessorImpl.java:77)
at java.base/jdk.internal.reflect.DelegatingMethodAccessorImpl.invoke(DelegatingMethodAccessorImpl.java:43)
at java.base/java.lang.reflect.Method.invoke(Method.java:568)
at org.testng.internal.MethodInvocationHelper.invokeMethod(MethodInvocationHelper.java:133)
at org.testng.internal.TestInvoker.invokeMethod(TestInvoker.java:598)
at org.testng.internal.TestInvoker.invokeTestMethod(TestInvoker.java:173)
at org.testng.internal.MethodRunner.runInSequence(MethodRunner.java:46)
at org.testng.internal.TestInvoker$MethodInvocationAgent.invoke(TestInvoker.java:824)
at org.testng.internal.TestInvoker.invokeTestMethods(TestInvoker.java:146)
at org.testng.internal.TestMethodWorker.invokeTestMethods(TestMethodWorker.java:146)
at org.testng.internal.TestMethodWorker.run(TestMethodWorker.java:128)
at java.base/java.util.ArrayList.forEach(ArrayList.java:1511)
at org.testng.TestRunner.privateRun(TestRunner.java:794)
at org.testng.TestRunner.run(TestRunner.java:596)
at org.testng.SuiteRunner.runTest(SuiteRunner.java:377)
at org.testng.SuiteRunner.runSequentially(SuiteRunner.java:371)
at org.testng.SuiteRunner.privateRun(SuiteRunner.java:332)
at org.testng.SuiteRunner.run(SuiteRunner.java:276)
at org.testng.SuiteRunnerWorker.runSuite(SuiteRunnerWorker.java:53)
at org.testng.SuiteRunnerWorker.run(SuiteRunnerWorker.java:96)
at org.testng.TestNG.runSuitesSequentially(TestNG.java:1212)
at org.testng.TestNG.runSuitesLocally(TestNG.java:1134)
at org.testng.TestNG.runSuites(TestNG.java:1063)
at org.testng.TestNG.run(TestNG.java:1031)
at org.testng.remote.AbstractRemoteTestNG.run(AbstractRemoteTestNG.java:115)
at org.testng.remote.RemoteTestNG.initAndRun(RemoteTestNG.java:251)
at org.testng.remote.RemoteTestNG.main(RemoteTestNG.java:77)
]]>
            </full-stacktrace>
          </exception> <!-- org.openqa.selenium.InvalidSelectorException -->
          <reporter-output>
          </reporter-output>
        </test-method> <!-- verifyPresenceOfUserNameTextBox -->
        <test-method signature="verifyPresenceOfUserPasswordTextBox()[pri:1, instance:common.RediffMail.Test.VerifyObjectsOfLoginPage@76884e4b]" started-at="2022-01-30T22:11:49 IST" name="verifyPresenceOfUserPasswordTextBox" description="This is a basic test to verify the presence of basic elements in login page of Rediffmail : UserPasswordTextBox" finished-at="2022-01-30T22:11:49 IST" duration-ms="387" status="PASS">
          <reporter-output>
          </reporter-output>
        </test-method> <!-- verifyPresenceOfUserPasswordTextBox -->
        <test-method signature="verifyPresenceOfKeepMeSignedInCheckBox()[pri:3, instance:common.RediffMail.Test.VerifyObjectsOfLoginPage@76884e4b]" started-at="2022-01-30T22:11:49 IST" name="verifyPresenceOfKeepMeSignedInCheckBox" description="This is a basic test to verify the presence of basic elements in login page of Rediffmail : KeepMeSignedInCheckBox" finished-at="2022-01-30T22:11:50 IST" duration-ms="357" status="PASS">
          <reporter-output>
          </reporter-output>
        </test-method> <!-- verifyPresenceOfKeepMeSignedInCheckBox -->
        <test-method is-config="true" signature="quitBrowser()[pri:0, instance:common.RediffMail.Test.VerifyObjectsOfLoginPage@76884e4b]" started-at="2022-01-30T22:11:50 IST" name="quitBrowser" finished-at="2022-01-30T22:11:50 IST" duration-ms="598" status="PASS">
          <reporter-output>
          </reporter-output>
        </test-method> <!-- quitBrowser -->
        <test-method is-config="true" signature="sendEmailReport()[pri:0, instance:common.RediffMail.Test.VerifyObjectsOfLoginPage@76884e4b]" started-at="2022-01-30T22:11:50 IST" name="sendEmailReport" finished-at="2022-01-30T22:11:56 IST" duration-ms="5182" status="PASS">
          <reporter-output>
          </reporter-output>
        </test-method> <!-- sendEmailReport -->
      </class> <!-- common.RediffMail.Test.VerifyObjectsOfLoginPage -->
    </test> <!-- Validate elements of Rediffmail login page in Edge Browser -->
  </suite> <!-- Basic Sanity -->
</testng-results>
